Done loading features - 22:53:52
[Parallel(n_jobs=-1)]: Using backend LokyBackend with 20 concurrent workers.
[Parallel(n_jobs=-1)]: Done   1 tasks      | elapsed:    1.5s
[Parallel(n_jobs=-1)]: Done 122 tasks      | elapsed:    2.5s
[Parallel(n_jobs=-1)]: Done 325 tasks      | elapsed:    4.0s
[Parallel(n_jobs=-1)]: Done 608 tasks      | elapsed:    6.0s
[Parallel(n_jobs=-1)]: Done 840 out of 840 | elapsed:    7.8s finished

[2020-05-18 22:54:00] Features: 1/100 -- score: 0.1795195614179798[Parallel(n_jobs=-1)]: Using backend LokyBackend with 20 concurrent workers.
[Parallel(n_jobs=-1)]: Done   1 tasks      | elapsed:    0.2s
[Parallel(n_jobs=-1)]: Done 204 tasks      | elapsed:    2.0s
[Parallel(n_jobs=-1)]: Done 610 tasks      | elapsed:    5.3s
[Parallel(n_jobs=-1)]: Done 800 out of 839 | elapsed:    6.9s remaining:    0.3s
[Parallel(n_jobs=-1)]: Done 839 out of 839 | elapsed:    7.2s finished

[2020-05-18 22:54:07] Features: 2/100 -- score: 0.2615828404816586[Parallel(n_jobs=-1)]: Using backend LokyBackend with 20 concurrent workers.
[Parallel(n_jobs=-1)]: Done   1 tasks      | elapsed:    0.2s
[Parallel(n_jobs=-1)]: Done 122 tasks      | elapsed:    1.3s
[Parallel(n_jobs=-1)]: Done 325 tasks      | elapsed:    3.2s
[Parallel(n_jobs=-1)]: Done 608 tasks      | elapsed:    5.8s
[Parallel(n_jobs=-1)]: Done 838 out of 838 | elapsed:    8.1s finished

[2020-05-18 22:54:15] Features: 3/100 -- score: 0.3086303980528274[Parallel(n_jobs=-1)]: Using backend LokyBackend with 20 concurrent workers.
[Parallel(n_jobs=-1)]: Done   1 tasks      | elapsed:    0.3s
[Parallel(n_jobs=-1)]: Done 122 tasks      | elapsed:    1.5s
[Parallel(n_jobs=-1)]: Done 325 tasks      | elapsed:    3.6s
[Parallel(n_jobs=-1)]: Done 608 tasks      | elapsed:    6.6s
[Parallel(n_jobs=-1)]: Done 837 out of 837 | elapsed:    9.1s finished

[2020-05-18 22:54:24] Features: 4/100 -- score: 0.3663634444453495[Parallel(n_jobs=-1)]: Using backend LokyBackend with 20 concurrent workers.
[Parallel(n_jobs=-1)]: Done   1 tasks      | elapsed:    0.3s
[Parallel(n_jobs=-1)]: Done 122 tasks      | elapsed:    1.7s
[Parallel(n_jobs=-1)]: Done 325 tasks      | elapsed:    4.1s
[Parallel(n_jobs=-1)]: Done 608 tasks      | elapsed:    7.4s
[Parallel(n_jobs=-1)]: Done 836 out of 836 | elapsed:   10.2s finished

[2020-05-18 22:54:35] Features: 5/100 -- score: 0.4082766321879744[Parallel(n_jobs=-1)]: Using backend LokyBackend with 20 concurrent workers.
[Parallel(n_jobs=-1)]: Done   1 tasks      | elapsed:    0.3s
[Parallel(n_jobs=-1)]: Done 122 tasks      | elapsed:    1.9s
[Parallel(n_jobs=-1)]: Done 325 tasks      | elapsed:    4.7s
[Parallel(n_jobs=-1)]: Done 608 tasks      | elapsed:    8.6s
[Parallel(n_jobs=-1)]: Done 835 out of 835 | elapsed:   11.8s finished

[2020-05-18 22:54:46] Features: 6/100 -- score: 0.43455638835400084[Parallel(n_jobs=-1)]: Using backend LokyBackend with 20 concurrent workers.
[Parallel(n_jobs=-1)]: Done   1 tasks      | elapsed:    0.4s
[Parallel(n_jobs=-1)]: Done 122 tasks      | elapsed:    2.1s
[Parallel(n_jobs=-1)]: Done 325 tasks      | elapsed:    5.2s
[Parallel(n_jobs=-1)]: Done 608 tasks      | elapsed:    9.4s
[Parallel(n_jobs=-1)]: Done 834 out of 834 | elapsed:   13.0s finished

[2020-05-18 22:54:59] Features: 7/100 -- score: 0.450158611006162[Parallel(n_jobs=-1)]: Using backend LokyBackend with 20 concurrent workers.
[Parallel(n_jobs=-1)]: Done   1 tasks      | elapsed:    0.3s
[Parallel(n_jobs=-1)]: Done 122 tasks      | elapsed:    2.2s
[Parallel(n_jobs=-1)]: Done 325 tasks      | elapsed:    5.4s
[Parallel(n_jobs=-1)]: Done 608 tasks      | elapsed:    9.8s
[Parallel(n_jobs=-1)]: Done 833 out of 833 | elapsed:   13.3s finished

[2020-05-18 22:55:13] Features: 8/100 -- score: 0.4595207666341768[Parallel(n_jobs=-1)]: Using backend LokyBackend with 20 concurrent workers.
[Parallel(n_jobs=-1)]: Done   1 tasks      | elapsed:    0.3s
[Parallel(n_jobs=-1)]: Done 122 tasks      | elapsed:    2.4s
[Parallel(n_jobs=-1)]: Done 325 tasks      | elapsed:    5.7s
[Parallel(n_jobs=-1)]: Done 608 tasks      | elapsed:   10.3s
[Parallel(n_jobs=-1)]: Done 832 out of 832 | elapsed:   14.1s finished

[2020-05-18 22:55:27] Features: 9/100 -- score: 0.4699535718266635[Parallel(n_jobs=-1)]: Using backend LokyBackend with 20 concurrent workers.
[Parallel(n_jobs=-1)]: Done   1 tasks      | elapsed:    0.4s
[Parallel(n_jobs=-1)]: Done 122 tasks      | elapsed:    2.5s
[Parallel(n_jobs=-1)]: Done 325 tasks      | elapsed:    6.1s
[Parallel(n_jobs=-1)]: Done 608 tasks      | elapsed:   11.1s
[Parallel(n_jobs=-1)]: Done 831 out of 831 | elapsed:   15.1s finished

[2020-05-18 22:55:42] Features: 10/100 -- score: 0.4793129128019518[Parallel(n_jobs=-1)]: Using backend LokyBackend with 20 concurrent workers.
[Parallel(n_jobs=-1)]: Done   1 tasks      | elapsed:    0.4s
[Parallel(n_jobs=-1)]: Done 122 tasks      | elapsed:    2.8s
[Parallel(n_jobs=-1)]: Done 325 tasks      | elapsed:    6.6s
[Parallel(n_jobs=-1)]: Done 608 tasks      | elapsed:   12.1s
[Parallel(n_jobs=-1)]: Done 830 out of 830 | elapsed:   16.4s finished

[2020-05-18 22:55:58] Features: 11/100 -- score: 0.4802415320276469[Parallel(n_jobs=-1)]: Using backend LokyBackend with 20 concurrent workers.
[Parallel(n_jobs=-1)]: Done   1 tasks      | elapsed:    0.5s
[Parallel(n_jobs=-1)]: Done 122 tasks      | elapsed:    2.9s
[Parallel(n_jobs=-1)]: Done 325 tasks      | elapsed:    7.1s
[Parallel(n_jobs=-1)]: Done 608 tasks      | elapsed:   13.0s
[Parallel(n_jobs=-1)]: Done 829 out of 829 | elapsed:   17.6s finished

[2020-05-18 22:56:16] Features: 12/100 -- score: 0.4835776926473018[Parallel(n_jobs=-1)]: Using backend LokyBackend with 20 concurrent workers.
[Parallel(n_jobs=-1)]: Done   1 tasks      | elapsed:    0.4s
[Parallel(n_jobs=-1)]: Done 122 tasks      | elapsed:    3.0s
[Parallel(n_jobs=-1)]: Done 325 tasks      | elapsed:    7.3s
[Parallel(n_jobs=-1)]: Done 608 tasks      | elapsed:   13.4s
[Parallel(n_jobs=-1)]: Done 828 out of 828 | elapsed:   18.1s finished

[2020-05-18 22:56:34] Features: 13/100 -- score: 0.4890667363252021[Parallel(n_jobs=-1)]: Using backend LokyBackend with 20 concurrent workers.
[Parallel(n_jobs=-1)]: Done   1 tasks      | elapsed:    0.5s
[Parallel(n_jobs=-1)]: Done 122 tasks      | elapsed:    3.1s
[Parallel(n_jobs=-1)]: Done 325 tasks      | elapsed:    7.6s
[Parallel(n_jobs=-1)]: Done 608 tasks      | elapsed:   13.8s
[Parallel(n_jobs=-1)]: Done 827 out of 827 | elapsed:   18.8s finished

[2020-05-18 22:56:53] Features: 14/100 -- score: 0.49863780763165144[Parallel(n_jobs=-1)]: Using backend LokyBackend with 20 concurrent workers.
[Parallel(n_jobs=-1)]: Done   1 tasks      | elapsed:    0.6s
[Parallel(n_jobs=-1)]: Done 122 tasks      | elapsed:    3.3s
[Parallel(n_jobs=-1)]: Done 325 tasks      | elapsed:    7.8s
[Parallel(n_jobs=-1)]: Done 608 tasks      | elapsed:   14.2s
[Parallel(n_jobs=-1)]: Done 826 out of 826 | elapsed:   19.3s finished

[2020-05-18 22:57:12] Features: 15/100 -- score: 0.5016483589531348[Parallel(n_jobs=-1)]: Using backend LokyBackend with 20 concurrent workers.
[Parallel(n_jobs=-1)]: Done   1 tasks      | elapsed:    0.5s
[Parallel(n_jobs=-1)]: Done 122 tasks      | elapsed:    3.4s
[Parallel(n_jobs=-1)]: Done 325 tasks      | elapsed:    8.4s
[Parallel(n_jobs=-1)]: Done 608 tasks      | elapsed:   15.3s
[Parallel(n_jobs=-1)]: Done 825 out of 825 | elapsed:   20.7s finished

[2020-05-18 22:57:33] Features: 16/100 -- score: 0.5016483589531348[Parallel(n_jobs=-1)]: Using backend LokyBackend with 20 concurrent workers.
[Parallel(n_jobs=-1)]: Done   1 tasks      | elapsed:    0.5s
[Parallel(n_jobs=-1)]: Done 122 tasks      | elapsed:    3.5s
[Parallel(n_jobs=-1)]: Done 325 tasks      | elapsed:    8.5s
[Parallel(n_jobs=-1)]: Done 608 tasks      | elapsed:   15.6s
[Parallel(n_jobs=-1)]: Done 824 out of 824 | elapsed:   21.0s finished

[2020-05-18 22:57:54] Features: 17/100 -- score: 0.500238229734842[Parallel(n_jobs=-1)]: Using backend LokyBackend with 20 concurrent workers.
[Parallel(n_jobs=-1)]: Done   1 tasks      | elapsed:    0.5s
[Parallel(n_jobs=-1)]: Done 122 tasks      | elapsed:    3.6s
[Parallel(n_jobs=-1)]: Done 325 tasks      | elapsed:    8.6s
[Parallel(n_jobs=-1)]: Done 608 tasks      | elapsed:   15.8s
[Parallel(n_jobs=-1)]: Done 823 out of 823 | elapsed:   21.3s finished

[2020-05-18 22:58:16] Features: 18/100 -- score: 0.5002550803471904[Parallel(n_jobs=-1)]: Using backend LokyBackend with 20 concurrent workers.
[Parallel(n_jobs=-1)]: Done   1 tasks      | elapsed:    0.6s
[Parallel(n_jobs=-1)]: Done 122 tasks      | elapsed:    3.7s
[Parallel(n_jobs=-1)]: Done 325 tasks      | elapsed:    8.8s
[Parallel(n_jobs=-1)]: Done 608 tasks      | elapsed:   16.0s
[Parallel(n_jobs=-1)]: Done 822 out of 822 | elapsed:   21.6s finished

[2020-05-18 22:58:37] Features: 19/100 -- score: 0.4999344616000318[Parallel(n_jobs=-1)]: Using backend LokyBackend with 20 concurrent workers.
[Parallel(n_jobs=-1)]: Done   1 tasks      | elapsed:    0.6s
[Parallel(n_jobs=-1)]: Done 122 tasks      | elapsed:    3.9s
[Parallel(n_jobs=-1)]: Done 325 tasks      | elapsed:    9.4s
[Parallel(n_jobs=-1)]: Done 608 tasks      | elapsed:   17.1s
[Parallel(n_jobs=-1)]: Done 821 out of 821 | elapsed:   22.9s finished

[2020-05-18 22:59:00] Features: 20/100 -- score: 0.5087210415968991[Parallel(n_jobs=-1)]: Using backend LokyBackend with 20 concurrent workers.
[Parallel(n_jobs=-1)]: Done   1 tasks      | elapsed:    0.6s
[Parallel(n_jobs=-1)]: Done 122 tasks      | elapsed:    4.1s
[Parallel(n_jobs=-1)]: Done 325 tasks      | elapsed:   10.0s
[Parallel(n_jobs=-1)]: Done 608 tasks      | elapsed:   18.2s
[Parallel(n_jobs=-1)]: Done 820 out of 820 | elapsed:   24.3s finished

[2020-05-18 22:59:25] Features: 21/100 -- score: 0.5129318146791455[Parallel(n_jobs=-1)]: Using backend LokyBackend with 20 concurrent workers.
[Parallel(n_jobs=-1)]: Done   1 tasks      | elapsed:    0.7s
[Parallel(n_jobs=-1)]: Done 122 tasks      | elapsed:    4.2s
[Parallel(n_jobs=-1)]: Done 325 tasks      | elapsed:   10.1s
[Parallel(n_jobs=-1)]: Done 608 tasks      | elapsed:   18.4s
[Parallel(n_jobs=-1)]: Done 819 out of 819 | elapsed:   24.7s finished

[2020-05-18 22:59:49] Features: 22/100 -- score: 0.5162077795450714[Parallel(n_jobs=-1)]: Using backend LokyBackend with 20 concurrent workers.
[Parallel(n_jobs=-1)]: Done   1 tasks      | elapsed:    0.6s
[Parallel(n_jobs=-1)]: Done 122 tasks      | elapsed:    4.2s
[Parallel(n_jobs=-1)]: Done 325 tasks      | elapsed:   10.3s
[Parallel(n_jobs=-1)]: Done 608 tasks      | elapsed:   18.8s
[Parallel(n_jobs=-1)]: Done 818 out of 818 | elapsed:   25.1s finished

[2020-05-18 23:00:14] Features: 23/100 -- score: 0.516576731611571[Parallel(n_jobs=-1)]: Using backend LokyBackend with 20 concurrent workers.
[Parallel(n_jobs=-1)]: Done   1 tasks      | elapsed:    0.7s
[Parallel(n_jobs=-1)]: Done 122 tasks      | elapsed:    4.3s
[Parallel(n_jobs=-1)]: Done 325 tasks      | elapsed:   10.5s
[Parallel(n_jobs=-1)]: Done 608 tasks      | elapsed:   19.2s
[Parallel(n_jobs=-1)]: Done 817 out of 817 | elapsed:   25.5s finished

[2020-05-18 23:00:40] Features: 24/100 -- score: 0.5183455993961934[Parallel(n_jobs=-1)]: Using backend LokyBackend with 20 concurrent workers.
[Parallel(n_jobs=-1)]: Done   1 tasks      | elapsed:    0.6s
[Parallel(n_jobs=-1)]: Done 122 tasks      | elapsed:    4.4s
[Parallel(n_jobs=-1)]: Done 325 tasks      | elapsed:   10.6s
[Parallel(n_jobs=-1)]: Done 608 tasks      | elapsed:   19.5s
[Parallel(n_jobs=-1)]: Done 816 out of 816 | elapsed:   26.0s finished

[2020-05-18 23:01:06] Features: 25/100 -- score: 0.5184961806385882[Parallel(n_jobs=-1)]: Using backend LokyBackend with 20 concurrent workers.
[Parallel(n_jobs=-1)]: Done   1 tasks      | elapsed:    0.7s
[Parallel(n_jobs=-1)]: Done 122 tasks      | elapsed:    4.5s
[Parallel(n_jobs=-1)]: Done 325 tasks      | elapsed:   10.9s
[Parallel(n_jobs=-1)]: Done 608 tasks      | elapsed:   19.9s
[Parallel(n_jobs=-1)]: Done 815 out of 815 | elapsed:   26.4s finished

[2020-05-18 23:01:32] Features: 26/100 -- score: 0.5184797432047035[Parallel(n_jobs=-1)]: Using backend LokyBackend with 20 concurrent workers.
[Parallel(n_jobs=-1)]: Done   1 tasks      | elapsed:    0.7s
[Parallel(n_jobs=-1)]: Done 122 tasks      | elapsed:    4.6s
[Parallel(n_jobs=-1)]: Done 325 tasks      | elapsed:   11.0s
[Parallel(n_jobs=-1)]: Done 608 tasks      | elapsed:   20.1s
[Parallel(n_jobs=-1)]: Done 814 out of 814 | elapsed:   26.7s finished

[2020-05-18 23:01:59] Features: 27/100 -- score: 0.5185042361192911[Parallel(n_jobs=-1)]: Using backend LokyBackend with 20 concurrent workers.
[Parallel(n_jobs=-1)]: Done   1 tasks      | elapsed:    0.7s
[Parallel(n_jobs=-1)]: Done 122 tasks      | elapsed:    4.6s
[Parallel(n_jobs=-1)]: Done 325 tasks      | elapsed:   11.2s
[Parallel(n_jobs=-1)]: Done 608 tasks      | elapsed:   20.5s
[Parallel(n_jobs=-1)]: Done 813 out of 813 | elapsed:   27.2s finished

[2020-05-18 23:02:26] Features: 28/100 -- score: 0.5188389323772087[Parallel(n_jobs=-1)]: Using backend LokyBackend with 20 concurrent workers.
[Parallel(n_jobs=-1)]: Done   1 tasks      | elapsed:    0.7s
[Parallel(n_jobs=-1)]: Done 122 tasks      | elapsed:    4.7s
[Parallel(n_jobs=-1)]: Done 325 tasks      | elapsed:   11.4s
[Parallel(n_jobs=-1)]: Done 608 tasks      | elapsed:   20.9s
[Parallel(n_jobs=-1)]: Done 812 out of 812 | elapsed:   27.7s finished

[2020-05-18 23:02:54] Features: 29/100 -- score: 0.5201702359365648[Parallel(n_jobs=-1)]: Using backend LokyBackend with 20 concurrent workers.
[Parallel(n_jobs=-1)]: Done   1 tasks      | elapsed:    0.7s
[Parallel(n_jobs=-1)]: Done 122 tasks      | elapsed:    4.8s
[Parallel(n_jobs=-1)]: Done 325 tasks      | elapsed:   11.6s
[Parallel(n_jobs=-1)]: Done 608 tasks      | elapsed:   21.2s
[Parallel(n_jobs=-1)]: Done 811 out of 811 | elapsed:   28.1s finished

[2020-05-18 23:03:22] Features: 30/100 -- score: 0.5201702359365648[Parallel(n_jobs=-1)]: Using backend LokyBackend with 20 concurrent workers.
[Parallel(n_jobs=-1)]: Done   1 tasks      | elapsed:    0.7s
[Parallel(n_jobs=-1)]: Done 122 tasks      | elapsed:    4.9s
[Parallel(n_jobs=-1)]: Done 325 tasks      | elapsed:   11.8s
[Parallel(n_jobs=-1)]: Done 608 tasks      | elapsed:   21.5s
[Parallel(n_jobs=-1)]: Done 810 out of 810 | elapsed:   28.4s finished

[2020-05-18 23:03:51] Features: 31/100 -- score: 0.5201384580956377[Parallel(n_jobs=-1)]: Using backend LokyBackend with 20 concurrent workers.
[Parallel(n_jobs=-1)]: Done   1 tasks      | elapsed:    0.7s
[Parallel(n_jobs=-1)]: Done 122 tasks      | elapsed:    4.9s
[Parallel(n_jobs=-1)]: Done 325 tasks      | elapsed:   12.0s
[Parallel(n_jobs=-1)]: Done 608 tasks      | elapsed:   21.9s
[Parallel(n_jobs=-1)]: Done 809 out of 809 | elapsed:   28.9s finished

[2020-05-18 23:04:20] Features: 32/100 -- score: 0.5193417457915783[Parallel(n_jobs=-1)]: Using backend LokyBackend with 20 concurrent workers.
[Parallel(n_jobs=-1)]: Done   1 tasks      | elapsed:    0.7s
[Parallel(n_jobs=-1)]: Done 122 tasks      | elapsed:    5.0s
[Parallel(n_jobs=-1)]: Done 325 tasks      | elapsed:   12.1s
[Parallel(n_jobs=-1)]: Done 608 tasks      | elapsed:   22.1s
[Parallel(n_jobs=-1)]: Done 808 out of 808 | elapsed:   29.2s finished

[2020-05-18 23:04:49] Features: 33/100 -- score: 0.5157615047252136[Parallel(n_jobs=-1)]: Using backend LokyBackend with 20 concurrent workers.
[Parallel(n_jobs=-1)]: Done   1 tasks      | elapsed:    0.8s
[Parallel(n_jobs=-1)]: Done 122 tasks      | elapsed:    5.0s
[Parallel(n_jobs=-1)]: Done 325 tasks      | elapsed:   12.3s
[Parallel(n_jobs=-1)]: Done 608 tasks      | elapsed:   22.4s
[Parallel(n_jobs=-1)]: Done 807 out of 807 | elapsed:   29.7s finished

[2020-05-18 23:05:19] Features: 34/100 -- score: 0.519455168283641[Parallel(n_jobs=-1)]: Using backend LokyBackend with 20 concurrent workers.
[Parallel(n_jobs=-1)]: Done   1 tasks      | elapsed:    0.8s
[Parallel(n_jobs=-1)]: Done 122 tasks      | elapsed:    5.1s
[Parallel(n_jobs=-1)]: Done 325 tasks      | elapsed:   12.5s
[Parallel(n_jobs=-1)]: Done 608 tasks      | elapsed:   22.8s
[Parallel(n_jobs=-1)]: Done 806 out of 806 | elapsed:   30.0s finished

[2020-05-18 23:05:49] Features: 35/100 -- score: 0.5198768399249083[Parallel(n_jobs=-1)]: Using backend LokyBackend with 20 concurrent workers.
[Parallel(n_jobs=-1)]: Done   1 tasks      | elapsed:    0.8s
[Parallel(n_jobs=-1)]: Done 122 tasks      | elapsed:    5.3s
[Parallel(n_jobs=-1)]: Done 325 tasks      | elapsed:   12.7s
[Parallel(n_jobs=-1)]: Done 608 tasks      | elapsed:   23.2s
[Parallel(n_jobs=-1)]: Done 805 out of 805 | elapsed:   30.6s finished

[2020-05-18 23:06:19] Features: 36/100 -- score: 0.5216223512321436[Parallel(n_jobs=-1)]: Using backend LokyBackend with 20 concurrent workers.
[Parallel(n_jobs=-1)]: Done   1 tasks      | elapsed:    0.8s
[Parallel(n_jobs=-1)]: Done 122 tasks      | elapsed:    5.3s
[Parallel(n_jobs=-1)]: Done 325 tasks      | elapsed:   12.9s
[Parallel(n_jobs=-1)]: Done 608 tasks      | elapsed:   23.6s
[Parallel(n_jobs=-1)]: Done 804 out of 804 | elapsed:   31.0s finished

[2020-05-18 23:06:50] Features: 37/100 -- score: 0.52174156754273[Parallel(n_jobs=-1)]: Using backend LokyBackend with 20 concurrent workers.
[Parallel(n_jobs=-1)]: Done   1 tasks      | elapsed:    0.8s
[Parallel(n_jobs=-1)]: Done 122 tasks      | elapsed:    5.4s
[Parallel(n_jobs=-1)]: Done 325 tasks      | elapsed:   13.1s
[Parallel(n_jobs=-1)]: Done 608 tasks      | elapsed:   23.8s
[Parallel(n_jobs=-1)]: Done 803 out of 803 | elapsed:   31.4s finished

[2020-05-18 23:07:22] Features: 38/100 -- score: 0.52174156754273[Parallel(n_jobs=-1)]: Using backend LokyBackend with 20 concurrent workers.
[Parallel(n_jobs=-1)]: Done   1 tasks      | elapsed:    0.8s
[Parallel(n_jobs=-1)]: Done 122 tasks      | elapsed:    5.4s
[Parallel(n_jobs=-1)]: Done 325 tasks      | elapsed:   13.3s
[Parallel(n_jobs=-1)]: Done 608 tasks      | elapsed:   24.2s
[Parallel(n_jobs=-1)]: Done 802 out of 802 | elapsed:   31.8s finished

[2020-05-18 23:07:54] Features: 39/100 -- score: 0.5217032129667863[Parallel(n_jobs=-1)]: Using backend LokyBackend with 20 concurrent workers.
[Parallel(n_jobs=-1)]: Done   1 tasks      | elapsed:    0.8s
[Parallel(n_jobs=-1)]: Done 122 tasks      | elapsed:    5.5s
[Parallel(n_jobs=-1)]: Done 325 tasks      | elapsed:   13.4s
[Parallel(n_jobs=-1)]: Done 608 tasks      | elapsed:   24.5s
[Parallel(n_jobs=-1)]: Done 801 out of 801 | elapsed:   32.0s finished

[2020-05-18 23:08:26] Features: 40/100 -- score: 0.5214111039586309[Parallel(n_jobs=-1)]: Using backend LokyBackend with 20 concurrent workers.
[Parallel(n_jobs=-1)]: Done   1 tasks      | elapsed:    0.8s
[Parallel(n_jobs=-1)]: Done 122 tasks      | elapsed:    5.5s
[Parallel(n_jobs=-1)]: Done 325 tasks      | elapsed:   13.6s
[Parallel(n_jobs=-1)]: Done 608 tasks      | elapsed:   24.7s
[Parallel(n_jobs=-1)]: Done 800 out of 800 | elapsed:   32.2s finished

[2020-05-18 23:08:58] Features: 41/100 -- score: 0.5190179015361629[Parallel(n_jobs=-1)]: Using backend LokyBackend with 20 concurrent workers.
[Parallel(n_jobs=-1)]: Done   1 tasks      | elapsed:    0.8s
[Parallel(n_jobs=-1)]: Done 122 tasks      | elapsed:    5.6s
[Parallel(n_jobs=-1)]: Done 325 tasks      | elapsed:   13.7s
[Parallel(n_jobs=-1)]: Done 608 tasks      | elapsed:   25.0s
[Parallel(n_jobs=-1)]: Done 799 out of 799 | elapsed:   32.7s finished

[2020-05-18 23:09:31] Features: 42/100 -- score: 0.5188596023734731[Parallel(n_jobs=-1)]: Using backend LokyBackend with 20 concurrent workers.
[Parallel(n_jobs=-1)]: Done   1 tasks      | elapsed:    0.8s
[Parallel(n_jobs=-1)]: Done 122 tasks      | elapsed:    5.7s
[Parallel(n_jobs=-1)]: Done 325 tasks      | elapsed:   13.9s
[Parallel(n_jobs=-1)]: Done 608 tasks      | elapsed:   25.4s
[Parallel(n_jobs=-1)]: Done 798 out of 798 | elapsed:   32.9s finished

[2020-05-18 23:10:04] Features: 43/100 -- score: 0.5189982973399061[Parallel(n_jobs=-1)]: Using backend LokyBackend with 20 concurrent workers.
[Parallel(n_jobs=-1)]: Done   1 tasks      | elapsed:    0.9s
[Parallel(n_jobs=-1)]: Done 122 tasks      | elapsed:    5.8s
[Parallel(n_jobs=-1)]: Done 325 tasks      | elapsed:   14.1s
[Parallel(n_jobs=-1)]: Done 608 tasks      | elapsed:   25.7s
[Parallel(n_jobs=-1)]: Done 797 out of 797 | elapsed:   33.4s finished

[2020-05-18 23:10:37] Features: 44/100 -- score: 0.5185931333844334[Parallel(n_jobs=-1)]: Using backend LokyBackend with 20 concurrent workers.
[Parallel(n_jobs=-1)]: Done   1 tasks      | elapsed:    0.9s
[Parallel(n_jobs=-1)]: Done 122 tasks      | elapsed:    5.9s
[Parallel(n_jobs=-1)]: Done 325 tasks      | elapsed:   14.3s
[Parallel(n_jobs=-1)]: Done 608 tasks      | elapsed:   26.1s
[Parallel(n_jobs=-1)]: Done 796 out of 796 | elapsed:   33.8s finished

[2020-05-18 23:11:11] Features: 45/100 -- score: 0.5168513088887722[Parallel(n_jobs=-1)]: Using backend LokyBackend with 20 concurrent workers.
[Parallel(n_jobs=-1)]: Done   1 tasks      | elapsed:    0.9s
[Parallel(n_jobs=-1)]: Done 122 tasks      | elapsed:    6.0s
[Parallel(n_jobs=-1)]: Done 325 tasks      | elapsed:   14.6s
[Parallel(n_jobs=-1)]: Done 608 tasks      | elapsed:   26.6s
[Parallel(n_jobs=-1)]: Done 795 out of 795 | elapsed:   34.6s finished

[2020-05-18 23:11:46] Features: 46/100 -- score: 0.5201183186881075[Parallel(n_jobs=-1)]: Using backend LokyBackend with 20 concurrent workers.
[Parallel(n_jobs=-1)]: Done   1 tasks      | elapsed:    0.9s
[Parallel(n_jobs=-1)]: Done 122 tasks      | elapsed:    6.1s
[Parallel(n_jobs=-1)]: Done 325 tasks      | elapsed:   14.8s
[Parallel(n_jobs=-1)]: Done 608 tasks      | elapsed:   27.0s
[Parallel(n_jobs=-1)]: Done 794 out of 794 | elapsed:   35.0s finished

[2020-05-18 23:12:21] Features: 47/100 -- score: 0.519555812691787[Parallel(n_jobs=-1)]: Using backend LokyBackend with 20 concurrent workers.
[Parallel(n_jobs=-1)]: Done   1 tasks      | elapsed:    0.9s
[Parallel(n_jobs=-1)]: Done 122 tasks      | elapsed:    6.1s
[Parallel(n_jobs=-1)]: Done 325 tasks      | elapsed:   15.1s
[Parallel(n_jobs=-1)]: Done 608 tasks      | elapsed:   27.5s
[Parallel(n_jobs=-1)]: Done 793 out of 793 | elapsed:   35.5s finished

[2020-05-18 23:12:56] Features: 48/100 -- score: 0.5189901845956956[Parallel(n_jobs=-1)]: Using backend LokyBackend with 20 concurrent workers.
[Parallel(n_jobs=-1)]: Done   1 tasks      | elapsed:    0.9s
[Parallel(n_jobs=-1)]: Done 122 tasks      | elapsed:    6.3s
[Parallel(n_jobs=-1)]: Done 325 tasks      | elapsed:   15.3s
[Parallel(n_jobs=-1)]: Done 608 tasks      | elapsed:   28.0s
[Parallel(n_jobs=-1)]: Done 792 out of 792 | elapsed:   36.2s finished

[2020-05-18 23:13:32] Features: 49/100 -- score: 0.5251429368354761[Parallel(n_jobs=-1)]: Using backend LokyBackend with 20 concurrent workers.
[Parallel(n_jobs=-1)]: Done   1 tasks      | elapsed:    0.9s
[Parallel(n_jobs=-1)]: Done 122 tasks      | elapsed:    6.4s
[Parallel(n_jobs=-1)]: Done 325 tasks      | elapsed:   15.6s
[Parallel(n_jobs=-1)]: Done 608 tasks      | elapsed:   28.5s
[Parallel(n_jobs=-1)]: Done 791 out of 791 | elapsed:   36.8s finished

[2020-05-18 23:14:09] Features: 50/100 -- score: 0.5257152943784067[Parallel(n_jobs=-1)]: Using backend LokyBackend with 20 concurrent workers.
[Parallel(n_jobs=-1)]: Done   1 tasks      | elapsed:    1.0s
[Parallel(n_jobs=-1)]: Done 122 tasks      | elapsed:    6.5s
[Parallel(n_jobs=-1)]: Done 325 tasks      | elapsed:   15.8s
[Parallel(n_jobs=-1)]: Done 608 tasks      | elapsed:   28.9s
[Parallel(n_jobs=-1)]: Done 790 out of 790 | elapsed:   37.3s finished

[2020-05-18 23:14:47] Features: 51/100 -- score: 0.5275245456495286[Parallel(n_jobs=-1)]: Using backend LokyBackend with 20 concurrent workers.
[Parallel(n_jobs=-1)]: Done   1 tasks      | elapsed:    1.0s
[Parallel(n_jobs=-1)]: Done 122 tasks      | elapsed:    6.8s
[Parallel(n_jobs=-1)]: Done 325 tasks      | elapsed:   16.4s
[Parallel(n_jobs=-1)]: Done 608 tasks      | elapsed:   30.0s
[Parallel(n_jobs=-1)]: Done 789 out of 789 | elapsed:   38.6s finished

[2020-05-18 23:15:25] Features: 52/100 -- score: 0.5275725373869746[Parallel(n_jobs=-1)]: Using backend LokyBackend with 20 concurrent workers.
[Parallel(n_jobs=-1)]: Done   1 tasks      | elapsed:    1.0s
[Parallel(n_jobs=-1)]: Done 122 tasks      | elapsed:    6.8s
[Parallel(n_jobs=-1)]: Done 325 tasks      | elapsed:   16.6s
[Parallel(n_jobs=-1)]: Done 608 tasks      | elapsed:   30.3s
[Parallel(n_jobs=-1)]: Done 788 out of 788 | elapsed:   39.0s finished

[2020-05-18 23:16:04] Features: 53/100 -- score: 0.5300356304607565[Parallel(n_jobs=-1)]: Using backend LokyBackend with 20 concurrent workers.
[Parallel(n_jobs=-1)]: Done   1 tasks      | elapsed:    1.0s
[Parallel(n_jobs=-1)]: Done 122 tasks      | elapsed:    6.9s
[Parallel(n_jobs=-1)]: Done 325 tasks      | elapsed:   16.7s
[Parallel(n_jobs=-1)]: Done 608 tasks      | elapsed:   30.6s
[Parallel(n_jobs=-1)]: Done 787 out of 787 | elapsed:   39.4s finished

[2020-05-18 23:16:44] Features: 54/100 -- score: 0.530838302702392[Parallel(n_jobs=-1)]: Using backend LokyBackend with 20 concurrent workers.
[Parallel(n_jobs=-1)]: Done   1 tasks      | elapsed:    1.0s
[Parallel(n_jobs=-1)]: Done 122 tasks      | elapsed:    7.0s
[Parallel(n_jobs=-1)]: Done 325 tasks      | elapsed:   16.9s
[Parallel(n_jobs=-1)]: Done 608 tasks      | elapsed:   30.9s
[Parallel(n_jobs=-1)]: Done 786 out of 786 | elapsed:   39.8s finished

[2020-05-18 23:17:24] Features: 55/100 -- score: 0.5279447285038793[Parallel(n_jobs=-1)]: Using backend LokyBackend with 20 concurrent workers.
[Parallel(n_jobs=-1)]: Done   1 tasks      | elapsed:    1.0s
[Parallel(n_jobs=-1)]: Done 122 tasks      | elapsed:    7.0s
[Parallel(n_jobs=-1)]: Done 325 tasks      | elapsed:   17.2s
[Parallel(n_jobs=-1)]: Done 608 tasks      | elapsed:   31.5s
[Parallel(n_jobs=-1)]: Done 785 out of 785 | elapsed:   40.4s finished

[2020-05-18 23:18:04] Features: 56/100 -- score: 0.5299717344595368[Parallel(n_jobs=-1)]: Using backend LokyBackend with 20 concurrent workers.
[Parallel(n_jobs=-1)]: Done   1 tasks      | elapsed:    1.0s
[Parallel(n_jobs=-1)]: Done 122 tasks      | elapsed:    7.1s
[Parallel(n_jobs=-1)]: Done 325 tasks      | elapsed:   17.3s
[Parallel(n_jobs=-1)]: Done 608 tasks      | elapsed:   31.7s
[Parallel(n_jobs=-1)]: Done 784 out of 784 | elapsed:   40.6s finished

[2020-05-18 23:18:45] Features: 57/100 -- score: 0.5299717344595368[Parallel(n_jobs=-1)]: Using backend LokyBackend with 20 concurrent workers.
[Parallel(n_jobs=-1)]: Done   1 tasks      | elapsed:    1.0s
[Parallel(n_jobs=-1)]: Done 122 tasks      | elapsed:    7.2s
[Parallel(n_jobs=-1)]: Done 325 tasks      | elapsed:   17.5s
[Parallel(n_jobs=-1)]: Done 608 tasks      | elapsed:   32.0s
[Parallel(n_jobs=-1)]: Done 783 out of 783 | elapsed:   41.1s finished

[2020-05-18 23:19:26] Features: 58/100 -- score: 0.5271325368292192[Parallel(n_jobs=-1)]: Using backend LokyBackend with 20 concurrent workers.
[Parallel(n_jobs=-1)]: Done   1 tasks      | elapsed:    1.1s
[Parallel(n_jobs=-1)]: Done 122 tasks      | elapsed:    7.3s
[Parallel(n_jobs=-1)]: Done 325 tasks      | elapsed:   17.7s
[Parallel(n_jobs=-1)]: Done 608 tasks      | elapsed:   32.3s
[Parallel(n_jobs=-1)]: Done 782 out of 782 | elapsed:   41.4s finished

[2020-05-18 23:20:07] Features: 59/100 -- score: 0.5270612554000043[Parallel(n_jobs=-1)]: Using backend LokyBackend with 20 concurrent workers.
[Parallel(n_jobs=-1)]: Done   1 tasks      | elapsed:    1.1s
[Parallel(n_jobs=-1)]: Done 122 tasks      | elapsed:    7.3s
[Parallel(n_jobs=-1)]: Done 325 tasks      | elapsed:   17.8s
[Parallel(n_jobs=-1)]: Done 608 tasks      | elapsed:   32.5s
[Parallel(n_jobs=-1)]: Done 781 out of 781 | elapsed:   41.6s finished

[2020-05-18 23:20:49] Features: 60/100 -- score: 0.5241807083120738[Parallel(n_jobs=-1)]: Using backend LokyBackend with 20 concurrent workers.
[Parallel(n_jobs=-1)]: Done   1 tasks      | elapsed:    1.1s
[Parallel(n_jobs=-1)]: Done 122 tasks      | elapsed:    7.4s
[Parallel(n_jobs=-1)]: Done 325 tasks      | elapsed:   18.1s
[Parallel(n_jobs=-1)]: Done 608 tasks      | elapsed:   33.0s
[Parallel(n_jobs=-1)]: Done 780 out of 780 | elapsed:   42.0s finished

[2020-05-18 23:21:31] Features: 61/100 -- score: 0.5230682341686377[Parallel(n_jobs=-1)]: Using backend LokyBackend with 20 concurrent workers.
[Parallel(n_jobs=-1)]: Done   1 tasks      | elapsed:    1.1s
[Parallel(n_jobs=-1)]: Done 122 tasks      | elapsed:    7.5s
[Parallel(n_jobs=-1)]: Done 325 tasks      | elapsed:   18.3s
[Parallel(n_jobs=-1)]: Done 608 tasks      | elapsed:   33.4s
[Parallel(n_jobs=-1)]: Done 779 out of 779 | elapsed:   42.6s finished

[2020-05-18 23:22:14] Features: 62/100 -- score: 0.5277455874040914[Parallel(n_jobs=-1)]: Using backend LokyBackend with 20 concurrent workers.
[Parallel(n_jobs=-1)]: Done   1 tasks      | elapsed:    1.1s
[Parallel(n_jobs=-1)]: Done 122 tasks      | elapsed:    7.6s
[Parallel(n_jobs=-1)]: Done 325 tasks      | elapsed:   18.6s
[Parallel(n_jobs=-1)]: Done 608 tasks      | elapsed:   33.9s
[Parallel(n_jobs=-1)]: Done 778 out of 778 | elapsed:   43.1s finished

[2020-05-18 23:22:57] Features: 63/100 -- score: 0.5168715417729743[Parallel(n_jobs=-1)]: Using backend LokyBackend with 20 concurrent workers.
[Parallel(n_jobs=-1)]: Done   1 tasks      | elapsed:    1.1s
[Parallel(n_jobs=-1)]: Done 122 tasks      | elapsed:    7.7s
[Parallel(n_jobs=-1)]: Done 325 tasks      | elapsed:   18.8s
[Parallel(n_jobs=-1)]: Done 608 tasks      | elapsed:   34.2s
[Parallel(n_jobs=-1)]: Done 777 out of 777 | elapsed:   43.3s finished

[2020-05-18 23:23:40] Features: 64/100 -- score: 0.5177646600418779[Parallel(n_jobs=-1)]: Using backend LokyBackend with 20 concurrent workers.
[Parallel(n_jobs=-1)]: Done   1 tasks      | elapsed:    1.1s
[Parallel(n_jobs=-1)]: Done 122 tasks      | elapsed:    7.8s
[Parallel(n_jobs=-1)]: Done 325 tasks      | elapsed:   18.9s
[Parallel(n_jobs=-1)]: Done 608 tasks      | elapsed:   34.6s
[Parallel(n_jobs=-1)]: Done 776 out of 776 | elapsed:   43.8s finished

[2020-05-18 23:24:24] Features: 65/100 -- score: 0.5006809167774213[Parallel(n_jobs=-1)]: Using backend LokyBackend with 20 concurrent workers.
[Parallel(n_jobs=-1)]: Done   1 tasks      | elapsed:    1.2s
[Parallel(n_jobs=-1)]: Done 122 tasks      | elapsed:    7.8s
[Parallel(n_jobs=-1)]: Done 325 tasks      | elapsed:   19.2s
[Parallel(n_jobs=-1)]: Done 608 tasks      | elapsed:   35.0s
[Parallel(n_jobs=-1)]: Done 775 out of 775 | elapsed:   44.2s finished

[2020-05-18 23:25:08] Features: 66/100 -- score: 0.5015602650943188[Parallel(n_jobs=-1)]: Using backend LokyBackend with 20 concurrent workers.
[Parallel(n_jobs=-1)]: Done   1 tasks      | elapsed:    1.1s
[Parallel(n_jobs=-1)]: Done 122 tasks      | elapsed:    7.9s
[Parallel(n_jobs=-1)]: Done 325 tasks      | elapsed:   19.4s
[Parallel(n_jobs=-1)]: Done 608 tasks      | elapsed:   35.4s
[Parallel(n_jobs=-1)]: Done 774 out of 774 | elapsed:   44.7s finished

[2020-05-18 23:25:53] Features: 67/100 -- score: 0.5018814722982817[Parallel(n_jobs=-1)]: Using backend LokyBackend with 20 concurrent workers.
[Parallel(n_jobs=-1)]: Done   1 tasks      | elapsed:    1.2s
[Parallel(n_jobs=-1)]: Done 122 tasks      | elapsed:    8.0s
[Parallel(n_jobs=-1)]: Done 325 tasks      | elapsed:   19.6s
[Parallel(n_jobs=-1)]: Done 608 tasks      | elapsed:   35.7s
[Parallel(n_jobs=-1)]: Done 773 out of 773 | elapsed:   45.1s finished

[2020-05-18 23:26:38] Features: 68/100 -- score: 0.5006204515541799[Parallel(n_jobs=-1)]: Using backend LokyBackend with 20 concurrent workers.
[Parallel(n_jobs=-1)]: Done   1 tasks      | elapsed:    1.2s
[Parallel(n_jobs=-1)]: Done 122 tasks      | elapsed:    8.1s
[Parallel(n_jobs=-1)]: Done 325 tasks      | elapsed:   19.9s
[Parallel(n_jobs=-1)]: Done 608 tasks      | elapsed:   36.2s
[Parallel(n_jobs=-1)]: Done 772 out of 772 | elapsed:   45.6s finished

[2020-05-18 23:27:24] Features: 69/100 -- score: 0.4991965547401772[Parallel(n_jobs=-1)]: Using backend LokyBackend with 20 concurrent workers.
[Parallel(n_jobs=-1)]: Done   1 tasks      | elapsed:    1.2s
[Parallel(n_jobs=-1)]: Done 122 tasks      | elapsed:    8.2s
[Parallel(n_jobs=-1)]: Done 325 tasks      | elapsed:   20.2s
[Parallel(n_jobs=-1)]: Done 608 tasks      | elapsed:   36.8s
[Parallel(n_jobs=-1)]: Done 771 out of 771 | elapsed:   46.3s finished

[2020-05-18 23:28:10] Features: 70/100 -- score: 0.49856030311709754[Parallel(n_jobs=-1)]: Using backend LokyBackend with 20 concurrent workers.
[Parallel(n_jobs=-1)]: Done   1 tasks      | elapsed:    1.2s
[Parallel(n_jobs=-1)]: Done 122 tasks      | elapsed:    8.4s
[Parallel(n_jobs=-1)]: Done 325 tasks      | elapsed:   20.4s
[Parallel(n_jobs=-1)]: Done 608 tasks      | elapsed:   37.2s
[Parallel(n_jobs=-1)]: Done 770 out of 770 | elapsed:   46.8s finished

[2020-05-18 23:28:57] Features: 71/100 -- score: 0.4992615752644797[Parallel(n_jobs=-1)]: Using backend LokyBackend with 20 concurrent workers.
[Parallel(n_jobs=-1)]: Done   1 tasks      | elapsed:    1.2s
[Parallel(n_jobs=-1)]: Done 122 tasks      | elapsed:    8.5s
[Parallel(n_jobs=-1)]: Done 325 tasks      | elapsed:   20.6s
[Parallel(n_jobs=-1)]: Done 608 tasks      | elapsed:   37.5s
[Parallel(n_jobs=-1)]: Done 769 out of 769 | elapsed:   47.2s finished

[2020-05-18 23:29:44] Features: 72/100 -- score: 0.5017239227579939[Parallel(n_jobs=-1)]: Using backend LokyBackend with 20 concurrent workers.
[Parallel(n_jobs=-1)]: Done   1 tasks      | elapsed:    1.2s
[Parallel(n_jobs=-1)]: Done 122 tasks      | elapsed:    8.4s
[Parallel(n_jobs=-1)]: Done 325 tasks      | elapsed:   20.7s
[Parallel(n_jobs=-1)]: Done 608 tasks      | elapsed:   37.8s
[Parallel(n_jobs=-1)]: Done 768 out of 768 | elapsed:   47.5s finished

[2020-05-18 23:30:32] Features: 73/100 -- score: 0.5011546635845976[Parallel(n_jobs=-1)]: Using backend LokyBackend with 20 concurrent workers.
[Parallel(n_jobs=-1)]: Done   1 tasks      | elapsed:    1.2s
[Parallel(n_jobs=-1)]: Done 122 tasks      | elapsed:    8.5s
[Parallel(n_jobs=-1)]: Done 325 tasks      | elapsed:   20.9s
[Parallel(n_jobs=-1)]: Done 608 tasks      | elapsed:   38.2s
[Parallel(n_jobs=-1)]: Done 767 out of 767 | elapsed:   47.9s finished

[2020-05-18 23:31:20] Features: 74/100 -- score: 0.501819070836898[Parallel(n_jobs=-1)]: Using backend LokyBackend with 20 concurrent workers.
[Parallel(n_jobs=-1)]: Done   1 tasks      | elapsed:    1.3s
[Parallel(n_jobs=-1)]: Done 122 tasks      | elapsed:    8.7s
[Parallel(n_jobs=-1)]: Done 325 tasks      | elapsed:   21.3s
[Parallel(n_jobs=-1)]: Done 608 tasks      | elapsed:   38.8s
[Parallel(n_jobs=-1)]: Done 766 out of 766 | elapsed:   48.7s finished

[2020-05-18 23:32:08] Features: 75/100 -- score: 0.5042060400834509[Parallel(n_jobs=-1)]: Using backend LokyBackend with 20 concurrent workers.
[Parallel(n_jobs=-1)]: Done   1 tasks      | elapsed:    1.3s
[Parallel(n_jobs=-1)]: Done 122 tasks      | elapsed:    8.8s
[Parallel(n_jobs=-1)]: Done 325 tasks      | elapsed:   21.5s
[Parallel(n_jobs=-1)]: Done 608 tasks      | elapsed:   39.4s
[Parallel(n_jobs=-1)]: Done 765 out of 765 | elapsed:   49.3s finished

[2020-05-18 23:32:58] Features: 76/100 -- score: 0.5086269181333036[Parallel(n_jobs=-1)]: Using backend LokyBackend with 20 concurrent workers.
[Parallel(n_jobs=-1)]: Done   1 tasks      | elapsed:    1.3s
[Parallel(n_jobs=-1)]: Done 122 tasks      | elapsed:    9.0s
[Parallel(n_jobs=-1)]: Done 325 tasks      | elapsed:   21.9s
[Parallel(n_jobs=-1)]: Done 608 tasks      | elapsed:   39.9s
[Parallel(n_jobs=-1)]: Done 764 out of 764 | elapsed:   49.9s finished

[2020-05-18 23:33:48] Features: 77/100 -- score: 0.5190224039187064[Parallel(n_jobs=-1)]: Using backend LokyBackend with 20 concurrent workers.
[Parallel(n_jobs=-1)]: Done   1 tasks      | elapsed:    1.3s
[Parallel(n_jobs=-1)]: Done 122 tasks      | elapsed:    9.1s
[Parallel(n_jobs=-1)]: Done 325 tasks      | elapsed:   22.2s
[Parallel(n_jobs=-1)]: Done 608 tasks      | elapsed:   40.5s
[Parallel(n_jobs=-1)]: Done 763 out of 763 | elapsed:   50.6s finished

[2020-05-18 23:34:38] Features: 78/100 -- score: 0.5250275274183308[Parallel(n_jobs=-1)]: Using backend LokyBackend with 20 concurrent workers.
[Parallel(n_jobs=-1)]: Done   1 tasks      | elapsed:    1.3s
[Parallel(n_jobs=-1)]: Done 122 tasks      | elapsed:    9.3s
[Parallel(n_jobs=-1)]: Done 325 tasks      | elapsed:   22.5s
[Parallel(n_jobs=-1)]: Done 608 tasks      | elapsed:   41.2s
[Parallel(n_jobs=-1)]: Done 762 out of 762 | elapsed:   51.3s finished

[2020-05-18 23:35:30] Features: 79/100 -- score: 0.5255972089576424[Parallel(n_jobs=-1)]: Using backend LokyBackend with 20 concurrent workers.
[Parallel(n_jobs=-1)]: Done   1 tasks      | elapsed:    1.3s
[Parallel(n_jobs=-1)]: Done 122 tasks      | elapsed:    9.3s
[Parallel(n_jobs=-1)]: Done 325 tasks      | elapsed:   22.7s
[Parallel(n_jobs=-1)]: Done 608 tasks      | elapsed:   41.5s
[Parallel(n_jobs=-1)]: Done 761 out of 761 | elapsed:   51.8s finished

[2020-05-18 23:36:21] Features: 80/100 -- score: 0.5253257269088613[Parallel(n_jobs=-1)]: Using backend LokyBackend with 20 concurrent workers.
[Parallel(n_jobs=-1)]: Done   1 tasks      | elapsed:    1.3s
[Parallel(n_jobs=-1)]: Done 122 tasks      | elapsed:    9.4s
[Parallel(n_jobs=-1)]: Done 325 tasks      | elapsed:   22.9s
[Parallel(n_jobs=-1)]: Done 608 tasks      | elapsed:   41.9s
[Parallel(n_jobs=-1)]: Done 760 out of 760 | elapsed:   51.9s finished

[2020-05-18 23:37:13] Features: 81/100 -- score: 0.5291736946866068[Parallel(n_jobs=-1)]: Using backend LokyBackend with 20 concurrent workers.
[Parallel(n_jobs=-1)]: Done   1 tasks      | elapsed:    1.4s
[Parallel(n_jobs=-1)]: Done 122 tasks      | elapsed:    9.5s
[Parallel(n_jobs=-1)]: Done 325 tasks      | elapsed:   23.3s
[Parallel(n_jobs=-1)]: Done 608 tasks      | elapsed:   42.6s
[Parallel(n_jobs=-1)]: Done 759 out of 759 | elapsed:   53.0s finished

[2020-05-18 23:38:06] Features: 82/100 -- score: 0.531971670771796[Parallel(n_jobs=-1)]: Using backend LokyBackend with 20 concurrent workers.
[Parallel(n_jobs=-1)]: Done   1 tasks      | elapsed:    1.4s
[Parallel(n_jobs=-1)]: Done 122 tasks      | elapsed:    9.6s
[Parallel(n_jobs=-1)]: Done 325 tasks      | elapsed:   23.5s
[Parallel(n_jobs=-1)]: Done 608 tasks      | elapsed:   42.9s
[Parallel(n_jobs=-1)]: Done 758 out of 758 | elapsed:   53.1s finished

[2020-05-18 23:39:00] Features: 83/100 -- score: 0.5321582762461785[Parallel(n_jobs=-1)]: Using backend LokyBackend with 20 concurrent workers.
[Parallel(n_jobs=-1)]: Done   1 tasks      | elapsed:    1.4s
[Parallel(n_jobs=-1)]: Done 122 tasks      | elapsed:    9.7s
[Parallel(n_jobs=-1)]: Done 325 tasks      | elapsed:   23.7s
[Parallel(n_jobs=-1)]: Done 608 tasks      | elapsed:   43.2s
[Parallel(n_jobs=-1)]: Done 757 out of 757 | elapsed:   53.4s finished

[2020-05-18 23:39:53] Features: 84/100 -- score: 0.5335933362347983[Parallel(n_jobs=-1)]: Using backend LokyBackend with 20 concurrent workers.
[Parallel(n_jobs=-1)]: Done   1 tasks      | elapsed:    1.4s
[Parallel(n_jobs=-1)]: Done 122 tasks      | elapsed:    9.7s
[Parallel(n_jobs=-1)]: Done 325 tasks      | elapsed:   23.9s
[Parallel(n_jobs=-1)]: Done 608 tasks      | elapsed:   43.6s
[Parallel(n_jobs=-1)]: Done 756 out of 756 | elapsed:   53.7s finished

[2020-05-18 23:40:47] Features: 85/100 -- score: 0.5336363121873593[Parallel(n_jobs=-1)]: Using backend LokyBackend with 20 concurrent workers.
[Parallel(n_jobs=-1)]: Done   1 tasks      | elapsed:    1.4s
[Parallel(n_jobs=-1)]: Done 122 tasks      | elapsed:    9.8s
[Parallel(n_jobs=-1)]: Done 325 tasks      | elapsed:   24.1s
[Parallel(n_jobs=-1)]: Done 608 tasks      | elapsed:   44.1s
[Parallel(n_jobs=-1)]: Done 755 out of 755 | elapsed:   54.2s finished

[2020-05-18 23:41:41] Features: 86/100 -- score: 0.5336363121873593[Parallel(n_jobs=-1)]: Using backend LokyBackend with 20 concurrent workers.
[Parallel(n_jobs=-1)]: Done   1 tasks      | elapsed:    1.4s
[Parallel(n_jobs=-1)]: Done 122 tasks      | elapsed:    9.9s
[Parallel(n_jobs=-1)]: Done 325 tasks      | elapsed:   24.3s
[Parallel(n_jobs=-1)]: Done 608 tasks      | elapsed:   44.3s
[Parallel(n_jobs=-1)]: Done 754 out of 754 | elapsed:   54.6s finished

[2020-05-18 23:42:36] Features: 87/100 -- score: 0.532310497561532[Parallel(n_jobs=-1)]: Using backend LokyBackend with 20 concurrent workers.
[Parallel(n_jobs=-1)]: Done   1 tasks      | elapsed:    1.5s
[Parallel(n_jobs=-1)]: Done 122 tasks      | elapsed:   10.1s
[Parallel(n_jobs=-1)]: Done 325 tasks      | elapsed:   24.5s
[Parallel(n_jobs=-1)]: Done 608 tasks      | elapsed:   44.7s
[Parallel(n_jobs=-1)]: Done 753 out of 753 | elapsed:   54.9s finished

[2020-05-18 23:43:31] Features: 88/100 -- score: 0.5335577342237524[Parallel(n_jobs=-1)]: Using backend LokyBackend with 20 concurrent workers.
[Parallel(n_jobs=-1)]: Done   1 tasks      | elapsed:    1.5s
[Parallel(n_jobs=-1)]: Done 122 tasks      | elapsed:   10.1s
[Parallel(n_jobs=-1)]: Done 325 tasks      | elapsed:   24.7s
[Parallel(n_jobs=-1)]: Done 608 tasks      | elapsed:   44.9s
[Parallel(n_jobs=-1)]: Done 752 out of 752 | elapsed:   55.2s finished

[2020-05-18 23:44:26] Features: 89/100 -- score: 0.5345746252649801[Parallel(n_jobs=-1)]: Using backend LokyBackend with 20 concurrent workers.
[Parallel(n_jobs=-1)]: Done   1 tasks      | elapsed:    1.5s
[Parallel(n_jobs=-1)]: Done 122 tasks      | elapsed:   10.2s
[Parallel(n_jobs=-1)]: Done 325 tasks      | elapsed:   24.8s
[Parallel(n_jobs=-1)]: Done 608 tasks      | elapsed:   45.3s
[Parallel(n_jobs=-1)]: Done 751 out of 751 | elapsed:   55.6s finished

[2020-05-18 23:45:21] Features: 90/100 -- score: 0.5328728900211039[Parallel(n_jobs=-1)]: Using backend LokyBackend with 20 concurrent workers.
[Parallel(n_jobs=-1)]: Done   1 tasks      | elapsed:    1.5s
[Parallel(n_jobs=-1)]: Done 122 tasks      | elapsed:   10.2s
[Parallel(n_jobs=-1)]: Done 325 tasks      | elapsed:   25.0s
[Parallel(n_jobs=-1)]: Done 608 tasks      | elapsed:   45.6s
[Parallel(n_jobs=-1)]: Done 750 out of 750 | elapsed:   55.9s finished

[2020-05-18 23:46:17] Features: 91/100 -- score: 0.5318388418869027[Parallel(n_jobs=-1)]: Using backend LokyBackend with 20 concurrent workers.
[Parallel(n_jobs=-1)]: Done   1 tasks      | elapsed:    1.5s
[Parallel(n_jobs=-1)]: Done 122 tasks      | elapsed:   10.3s
[Parallel(n_jobs=-1)]: Done 325 tasks      | elapsed:   25.3s
[Parallel(n_jobs=-1)]: Done 608 tasks      | elapsed:   46.1s
[Parallel(n_jobs=-1)]: Done 749 out of 749 | elapsed:   56.5s finished

[2020-05-18 23:47:14] Features: 92/100 -- score: 0.5315010993532666[Parallel(n_jobs=-1)]: Using backend LokyBackend with 20 concurrent workers.
[Parallel(n_jobs=-1)]: Done   1 tasks      | elapsed:    1.5s
[Parallel(n_jobs=-1)]: Done 122 tasks      | elapsed:   10.5s
[Parallel(n_jobs=-1)]: Done 325 tasks      | elapsed:   25.5s
[Parallel(n_jobs=-1)]: Done 608 tasks      | elapsed:   46.5s
[Parallel(n_jobs=-1)]: Done 748 out of 748 | elapsed:   57.0s finished

[2020-05-18 23:48:11] Features: 93/100 -- score: 0.529545266484187[Parallel(n_jobs=-1)]: Using backend LokyBackend with 20 concurrent workers.
[Parallel(n_jobs=-1)]: Done   1 tasks      | elapsed:    1.5s
[Parallel(n_jobs=-1)]: Done 122 tasks      | elapsed:   10.5s
[Parallel(n_jobs=-1)]: Done 325 tasks      | elapsed:   25.6s
[Parallel(n_jobs=-1)]: Done 608 tasks      | elapsed:   46.8s
[Parallel(n_jobs=-1)]: Done 747 out of 747 | elapsed:   57.2s finished

[2020-05-18 23:49:08] Features: 94/100 -- score: 0.5274182323237325[Parallel(n_jobs=-1)]: Using backend LokyBackend with 20 concurrent workers.
[Parallel(n_jobs=-1)]: Done   1 tasks      | elapsed:    1.5s
[Parallel(n_jobs=-1)]: Done 122 tasks      | elapsed:   10.7s
[Parallel(n_jobs=-1)]: Done 325 tasks      | elapsed:   25.9s
[Parallel(n_jobs=-1)]: Done 608 tasks      | elapsed:   47.3s
[Parallel(n_jobs=-1)]: Done 746 out of 746 | elapsed:   57.7s finished

[2020-05-18 23:50:06] Features: 95/100 -- score: 0.5255989906179935[Parallel(n_jobs=-1)]: Using backend LokyBackend with 20 concurrent workers.
[Parallel(n_jobs=-1)]: Done   1 tasks      | elapsed:    1.5s
[Parallel(n_jobs=-1)]: Done 122 tasks      | elapsed:   10.7s
[Parallel(n_jobs=-1)]: Done 325 tasks      | elapsed:   26.1s
[Parallel(n_jobs=-1)]: Done 608 tasks      | elapsed:   47.7s
[Parallel(n_jobs=-1)]: Done 745 out of 745 | elapsed:   58.2s finished

[2020-05-18 23:51:04] Features: 96/100 -- score: 0.5275865516471503[Parallel(n_jobs=-1)]: Using backend LokyBackend with 20 concurrent workers.
[Parallel(n_jobs=-1)]: Done   1 tasks      | elapsed:    1.6s
[Parallel(n_jobs=-1)]: Done 122 tasks      | elapsed:   10.8s
[Parallel(n_jobs=-1)]: Done 325 tasks      | elapsed:   26.3s
[Parallel(n_jobs=-1)]: Done 608 tasks      | elapsed:   48.1s
[Parallel(n_jobs=-1)]: Done 744 out of 744 | elapsed:   58.6s finished

[2020-05-18 23:52:03] Features: 97/100 -- score: 0.5282667537039444[Parallel(n_jobs=-1)]: Using backend LokyBackend with 20 concurrent workers.
[Parallel(n_jobs=-1)]: Done   1 tasks      | elapsed:    1.6s
[Parallel(n_jobs=-1)]: Done 122 tasks      | elapsed:   10.9s
[Parallel(n_jobs=-1)]: Done 325 tasks      | elapsed:   26.7s
[Parallel(n_jobs=-1)]: Done 608 tasks      | elapsed:   48.7s
[Parallel(n_jobs=-1)]: Done 743 out of 743 | elapsed:   59.4s finished

[2020-05-18 23:53:02] Features: 98/100 -- score: 0.5298093357835516[Parallel(n_jobs=-1)]: Using backend LokyBackend with 20 concurrent workers.
[Parallel(n_jobs=-1)]: Done   1 tasks      | elapsed:    1.6s
[Parallel(n_jobs=-1)]: Done 122 tasks      | elapsed:   11.0s
[Parallel(n_jobs=-1)]: Done 325 tasks      | elapsed:   26.9s
[Parallel(n_jobs=-1)]: Done 608 tasks      | elapsed:   49.0s
[Parallel(n_jobs=-1)]: Done 742 out of 742 | elapsed:   59.5s finished

[2020-05-18 23:54:02] Features: 99/100 -- score: 0.5297901776851747[Parallel(n_jobs=-1)]: Using backend LokyBackend with 20 concurrent workers.
[Parallel(n_jobs=-1)]: Done   1 tasks      | elapsed:    1.6s
[Parallel(n_jobs=-1)]: Done 122 tasks      | elapsed:   11.1s
[Parallel(n_jobs=-1)]: Done 325 tasks      | elapsed:   27.0s
[Parallel(n_jobs=-1)]: Done 608 tasks      | elapsed:   49.4s
[Parallel(n_jobs=-1)]: Done 741 out of 741 | elapsed:  1.0min finished

[2020-05-18 23:55:02] Features: 100/100 -- score: 0.5290724779371268

Done feature selection - 23:55:02
Optimal number of features : 89 out of 840
All Features
MSE: 0.135
R2: 0.368
Selected Features
MSE: 0.102
R2: 0.531
